[2025-11-09 22:59:52] [INFO] Application started from IP: ::1
[2025-11-09 22:59:52] [AUTH] User not logged in - Session check failed
[2025-11-09 22:59:52] [AUTH] Login attempt for username: superadmin from IP: ::1
[2025-11-09 22:59:52] [AUTH] User found in database: superadmin (ID: 1)
[2025-11-09 22:59:52] [DEBUG] Stored password hash: $2y$10$92IXUNpkjO0rOQ5byMi.Ye4oKoEa3Ro9llC/.og/at2.uheWG/igi
[2025-11-09 22:59:52] [DEBUG] Password verification - Input: 'admin123', Hash: '$2y$10$92IXUNpkjO0rOQ5byMi.Ye4oKoEa3Ro9llC/.og/at2.uheWG/igi', Result: NO MATCH
[2025-11-09 22:59:52] [AUTH] Password verification FAILED for user: superadmin
[2025-11-09 22:59:52] [WARNING] Attempt to log activity without user session: Failed Login - Invalid password for user: superadmin
[2025-11-09 22:59:52] [AUTH] Login failed with error: Invalid password!
[2025-11-09 22:59:53] [INFO] Application started from IP: ::1
[2025-11-09 22:59:53] [AUTH] User not logged in - Session check failed
[2025-11-09 22:59:53] [AUTH] Login attempt for username: superadmin from IP: ::1
[2025-11-09 22:59:53] [AUTH] User found in database: superadmin (ID: 1)
[2025-11-09 22:59:53] [DEBUG] Stored password hash: $2y$10$92IXUNpkjO0rOQ5byMi.Ye4oKoEa3Ro9llC/.og/at2.uheWG/igi
[2025-11-09 22:59:53] [DEBUG] Password verification - Input: 'admin123', Hash: '$2y$10$92IXUNpkjO0rOQ5byMi.Ye4oKoEa3Ro9llC/.og/at2.uheWG/igi', Result: NO MATCH
[2025-11-09 22:59:53] [AUTH] Password verification FAILED for user: superadmin
[2025-11-09 22:59:53] [WARNING] Attempt to log activity without user session: Failed Login - Invalid password for user: superadmin
[2025-11-09 22:59:53] [AUTH] Login failed with error: Invalid password!
[2025-11-09 23:00:08] [INFO] Application started from IP: ::1
[2025-11-09 23:00:08] [AUTH] User not logged in - Session check failed
[2025-11-09 23:00:08] [AUTH] Login attempt for username: superadmin from IP: ::1
[2025-11-09 23:00:08] [AUTH] User found in database: superadmin (ID: 1)
[2025-11-09 23:00:08] [DEBUG] Stored password hash: $2y$10$92IXUNpkjO0rOQ5byMi.Ye4oKoEa3Ro9llC/.og/at2.uheWG/igi
[2025-11-09 23:00:08] [DEBUG] Password verification - Input: 'admin123', Hash: '$2y$10$92IXUNpkjO0rOQ5byMi.Ye4oKoEa3Ro9llC/.og/at2.uheWG/igi', Result: NO MATCH
[2025-11-09 23:00:08] [AUTH] Password verification FAILED for user: superadmin
[2025-11-09 23:00:08] [WARNING] Attempt to log activity without user session: Failed Login - Invalid password for user: superadmin
[2025-11-09 23:00:08] [AUTH] Login failed with error: Invalid password!
[2025-11-09 23:01:14] [INFO] Application started from IP: ::1
[2025-11-09 23:01:20] [INFO] Application started from IP: ::1
[2025-11-09 23:01:20] [SECURITY] Emergency password reset performed for all users
[2025-11-09 23:01:36] [INFO] Application started from IP: ::1
[2025-11-09 23:01:36] [AUTH] User not logged in - Session check failed
[2025-11-09 23:01:36] [AUTH] Access denied - User not logged in
[2025-11-09 23:01:36] [INFO] Application started from IP: ::1
[2025-11-09 23:01:36] [AUTH] User not logged in - Session check failed
[2025-11-09 23:01:45] [INFO] Application started from IP: ::1
[2025-11-09 23:01:45] [AUTH] User not logged in - Session check failed
[2025-11-09 23:01:45] [AUTH] Login attempt for username: admin from IP: ::1
[2025-11-09 23:01:45] [AUTH] User found in database: admin (ID: 2)
[2025-11-09 23:01:45] [DEBUG] Stored password hash: $2y$10$KIEfGnrUexA9tepWkQVD3O.sUh4vHatGHOciHKbmgDxd1/fVK9TyC
[2025-11-09 23:01:45] [DEBUG] Password verification - Input: 'admin123', Hash: '$2y$10$KIEfGnrUexA9tepWkQVD3O.sUh4vHatGHOciHKbmgDxd1/fVK9TyC', Result: MATCH
[2025-11-09 23:01:45] [AUTH] Password verification SUCCESS for user: admin
[2025-11-09 23:01:45] [ACTIVITY] Activity logged: Login - User logged in successfully from IP: ::1 for user ID: 2
[2025-11-09 23:01:45] [AUTH] Login successful, redirecting to index
[2025-11-09 23:01:45] [INFO] Application started from IP: ::1
[2025-11-09 23:01:45] [AUTH] Role check passed for user: admin with role: admin
[2025-11-09 23:01:47] [INFO] Application started from IP: ::1
[2025-11-09 23:01:47] [AUTH] Role check passed for user: admin with role: admin
[2025-11-09 23:02:17] [INFO] Application started from IP: ::1
[2025-11-09 23:02:17] [AUTH] Role check passed for user: admin with role: admin
[2025-11-09 23:02:17] [ACTIVITY] Activity logged: Document approved - pan approved for application ID: 1 for user ID: 2
[2025-11-09 23:02:19] [INFO] Application started from IP: ::1
[2025-11-09 23:02:19] [AUTH] Role check passed for user: admin with role: admin
[2025-11-09 23:02:36] [INFO] Application started from IP: ::1
[2025-11-09 23:02:36] [AUTH] Role check passed for user: admin with role: admin
[2025-11-09 23:02:36] [ACTIVITY] Activity logged: Document approved - pan approved for application ID: 4 for user ID: 2
[2025-11-09 23:02:38] [INFO] Application started from IP: ::1
[2025-11-09 23:02:38] [AUTH] Role check passed for user: admin with role: admin
[2025-11-09 23:02:45] [INFO] Application started from IP: ::1
[2025-11-09 23:02:45] [AUTH] Role check passed for user: admin with role: admin
[2025-11-09 23:03:25] [INFO] Application started from IP: ::1
[2025-11-09 23:03:25] [AUTH] User not logged in - Session check failed
[2025-11-09 23:03:41] [INFO] Application started from IP: ::1
[2025-11-09 23:03:41] [AUTH] User not logged in - Session check failed
[2025-11-09 23:03:41] [AUTH] Login attempt for username: superadmin from IP: ::1
[2025-11-09 23:03:41] [AUTH] User found in database: superadmin (ID: 1)
[2025-11-09 23:03:41] [DEBUG] Stored password hash: $2y$10$KIEfGnrUexA9tepWkQVD3O.sUh4vHatGHOciHKbmgDxd1/fVK9TyC
[2025-11-09 23:03:41] [DEBUG] Password verification - Input: 'admin123', Hash: '$2y$10$KIEfGnrUexA9tepWkQVD3O.sUh4vHatGHOciHKbmgDxd1/fVK9TyC', Result: MATCH
[2025-11-09 23:03:42] [AUTH] Password verification SUCCESS for user: superadmin
[2025-11-09 23:03:42] [ACTIVITY] Activity logged: Login - User logged in successfully from IP: ::1 for user ID: 1
[2025-11-09 23:03:42] [AUTH] Login successful, redirecting to index
[2025-11-09 23:03:42] [INFO] Application started from IP: ::1
[2025-11-09 23:03:42] [AUTH] Role check passed for user: superadmin with role: super_admin
[2025-11-09 23:03:42] [INFO] Application started from IP: ::1
[2025-11-09 23:03:42] [AUTH] Role check passed for user: superadmin with role: super_admin
[2025-11-09 23:03:46] [INFO] Application started from IP: ::1
[2025-11-09 23:03:46] [AUTH] Role check passed for user: superadmin with role: super_admin
[2025-11-09 23:04:16] [INFO] Application started from IP: ::1
[2025-11-09 23:04:16] [AUTH] Role check passed for user: superadmin with role: super_admin
[2025-11-09 23:05:01] [INFO] Application started from IP: ::1
[2025-11-09 23:05:01] [AUTH] Role check passed for user: superadmin with role: super_admin
[2025-11-09 23:05:02] [ACTIVITY] Activity logged: User created - New user: testuser with role: admin for user ID: 1
[2025-11-09 23:05:02] [INFO] Application started from IP: ::1
[2025-11-09 23:05:02] [AUTH] Role check passed for user: superadmin with role: super_admin
[2025-11-09 23:05:53] [INFO] Application started from IP: ::1
[2025-11-09 23:05:53] [AUTH] Role check passed for user: superadmin with role: super_admin
[2025-11-09 23:05:53] [INFO] Application started from IP: ::1
[2025-11-09 23:05:53] [AUTH] Role check passed for user: superadmin with role: super_admin
[2025-11-09 23:05:55] [INFO] Application started from IP: ::1
[2025-11-09 23:05:55] [AUTH] Role check passed for user: superadmin with role: super_admin
[2025-11-09 23:06:20] [INFO] Application started from IP: ::1
[2025-11-09 23:06:20] [AUTH] Role check passed for user: superadmin with role: super_admin
[2025-11-09 23:06:20] [INFO] Application started from IP: ::1
[2025-11-09 23:06:20] [AUTH] Role check passed for user: superadmin with role: super_admin
[2025-11-09 23:06:27] [INFO] Application started from IP: ::1
[2025-11-09 23:06:27] [AUTH] Role check passed for user: superadmin with role: super_admin
[2025-11-09 23:06:28] [INFO] Application started from IP: ::1
[2025-11-09 23:06:28] [AUTH] Role check passed for user: superadmin with role: super_admin
[2025-11-09 23:06:30] [INFO] Application started from IP: ::1
[2025-11-09 23:06:30] [AUTH] Role check passed for user: superadmin with role: super_admin
[2025-11-09 23:06:30] [INFO] Application started from IP: ::1
[2025-11-09 23:06:30] [AUTH] Role check passed for user: superadmin with role: super_admin
[2025-11-09 23:17:43] [INFO] Application started from IP: ::1
[2025-11-09 23:17:43] [AUTH] Role check passed for user: superadmin with role: super_admin
[2025-11-09 23:17:43] [INFO] Application started from IP: ::1
[2025-11-09 23:17:43] [AUTH] Role check passed for user: superadmin with role: super_admin
[2025-11-09 23:17:57] [INFO] Application started from IP: ::1
[2025-11-09 23:17:57] [AUTH] User not logged in - Session check failed
[2025-11-09 23:18:18] [INFO] Application started from IP: ::1
[2025-11-09 23:18:18] [AUTH] User not logged in - Session check failed
[2025-11-09 23:18:18] [AUTH] Login attempt for username: superadmin from IP: ::1
[2025-11-09 23:18:18] [AUTH] User found in database: superadmin (ID: 1)
[2025-11-09 23:18:18] [DEBUG] Stored password hash: $2y$10$KIEfGnrUexA9tepWkQVD3O.sUh4vHatGHOciHKbmgDxd1/fVK9TyC
[2025-11-09 23:18:18] [DEBUG] Password verification - Input: 'admin123', Hash: '$2y$10$KIEfGnrUexA9tepWkQVD3O.sUh4vHatGHOciHKbmgDxd1/fVK9TyC', Result: MATCH
[2025-11-09 23:18:18] [AUTH] Password verification SUCCESS for user: superadmin
[2025-11-09 23:18:18] [ACTIVITY] Activity logged: Login - User logged in successfully from IP: ::1 for user ID: 1
[2025-11-09 23:18:18] [AUTH] Login successful, redirecting to index
[2025-11-09 23:18:18] [INFO] Application started from IP: ::1
[2025-11-09 23:18:18] [AUTH] Role check passed for user: superadmin with role: super_admin
[2025-11-09 23:18:18] [INFO] Application started from IP: ::1
[2025-11-09 23:18:18] [AUTH] Role check passed for user: superadmin with role: super_admin
[2025-11-09 23:18:28] [INFO] Application started from IP: ::1
[2025-11-09 23:18:28] [AUTH] Role check passed for user: superadmin with role: super_admin
[2025-11-09 23:18:28] [ACTIVITY] Activity logged: Document rejected - pan rejected for application ID: 1 for user ID: 1
[2025-11-09 23:18:29] [INFO] Application started from IP: ::1
[2025-11-09 23:18:29] [AUTH] Role check passed for user: superadmin with role: super_admin
[2025-11-09 23:18:37] [INFO] Application started from IP: ::1
[2025-11-09 23:18:37] [AUTH] Role check passed for user: superadmin with role: super_admin
[2025-11-09 23:18:42] [INFO] Application started from IP: ::1
[2025-11-09 23:18:42] [AUTH] Role check passed for user: superadmin with role: super_admin
[2025-11-09 23:18:42] [INFO] Application started from IP: ::1
[2025-11-09 23:18:42] [AUTH] Role check passed for user: superadmin with role: super_admin
[2025-11-09 23:18:43] [INFO] Application started from IP: ::1
[2025-11-09 23:18:43] [AUTH] Role check passed for user: superadmin with role: super_admin
[2025-11-09 23:18:44] [INFO] Application started from IP: ::1
[2025-11-09 23:18:44] [AUTH] Role check passed for user: superadmin with role: super_admin
[2025-11-09 23:18:44] [INFO] Application started from IP: ::1
[2025-11-09 23:18:44] [AUTH] Role check passed for user: superadmin with role: super_admin
[2025-11-09 23:18:44] [INFO] Application started from IP: ::1
[2025-11-09 23:18:44] [AUTH] Role check passed for user: superadmin with role: super_admin
[2025-11-09 23:18:44] [INFO] Application started from IP: ::1
[2025-11-09 23:18:44] [AUTH] Role check passed for user: superadmin with role: super_admin
[2025-11-09 23:18:45] [INFO] Application started from IP: ::1
[2025-11-09 23:18:45] [AUTH] Role check passed for user: superadmin with role: super_admin
[2025-11-09 23:18:45] [INFO] Application started from IP: ::1
[2025-11-09 23:18:45] [AUTH] Role check passed for user: superadmin with role: super_admin
[2025-11-09 23:18:45] [INFO] Application started from IP: ::1
[2025-11-09 23:18:45] [AUTH] Role check passed for user: superadmin with role: super_admin
[2025-11-09 23:18:45] [INFO] Application started from IP: ::1
[2025-11-09 23:18:45] [AUTH] Role check passed for user: superadmin with role: super_admin
[2025-11-09 23:18:45] [INFO] Application started from IP: ::1
[2025-11-09 23:18:45] [AUTH] Role check passed for user: superadmin with role: super_admin
[2025-11-09 23:18:46] [INFO] Application started from IP: ::1
[2025-11-09 23:18:46] [AUTH] Role check passed for user: superadmin with role: super_admin
[2025-11-09 23:18:46] [INFO] Application started from IP: ::1
[2025-11-09 23:18:46] [AUTH] Role check passed for user: superadmin with role: super_admin
[2025-11-09 23:18:46] [INFO] Application started from IP: ::1
[2025-11-09 23:18:46] [AUTH] Role check passed for user: superadmin with role: super_admin
[2025-11-09 23:18:46] [INFO] Application started from IP: ::1
[2025-11-09 23:18:46] [AUTH] Role check passed for user: superadmin with role: super_admin
[2025-11-09 23:18:46] [INFO] Application started from IP: ::1
[2025-11-09 23:18:46] [AUTH] Role check passed for user: superadmin with role: super_admin
[2025-11-09 23:18:46] [INFO] Application started from IP: ::1
[2025-11-09 23:18:46] [AUTH] Role check passed for user: superadmin with role: super_admin
[2025-11-09 23:18:46] [INFO] Application started from IP: ::1
[2025-11-09 23:18:46] [AUTH] Role check passed for user: superadmin with role: super_admin
[2025-11-09 23:18:46] [INFO] Application started from IP: ::1
[2025-11-09 23:18:46] [AUTH] Role check passed for user: superadmin with role: super_admin
[2025-11-09 23:18:48] [INFO] Application started from IP: ::1
[2025-11-09 23:18:48] [AUTH] Role check passed for user: superadmin with role: super_admin
[2025-11-09 23:18:53] [INFO] Application started from IP: ::1
[2025-11-09 23:18:53] [AUTH] Role check passed for user: superadmin with role: super_admin
[2025-11-09 23:19:03] [INFO] Application started from IP: ::1
[2025-11-09 23:19:03] [AUTH] Role check passed for user: superadmin with role: super_admin
[2025-11-09 23:19:08] [INFO] Application started from IP: ::1
[2025-11-09 23:19:08] [AUTH] Role check passed for user: superadmin with role: super_admin
[2025-11-09 23:19:09] [INFO] Application started from IP: ::1
[2025-11-09 23:19:09] [AUTH] Role check passed for user: superadmin with role: super_admin
[2025-11-09 23:19:09] [INFO] Application started from IP: ::1
[2025-11-09 23:19:09] [AUTH] Role check passed for user: superadmin with role: super_admin
[2025-11-09 23:19:11] [INFO] Application started from IP: ::1
[2025-11-09 23:19:11] [AUTH] Role check passed for user: superadmin with role: super_admin
[2025-11-09 23:19:11] [INFO] Application started from IP: ::1
[2025-11-09 23:19:11] [AUTH] Role check passed for user: superadmin with role: super_admin
[2025-11-09 23:19:12] [INFO] Application started from IP: ::1
[2025-11-09 23:19:12] [AUTH] Role check passed for user: superadmin with role: super_admin
[2025-11-09 23:19:17] [INFO] Application started from IP: ::1
[2025-11-09 23:19:17] [AUTH] Role check passed for user: superadmin with role: super_admin
[2025-11-09 23:19:17] [INFO] Application started from IP: ::1
[2025-11-09 23:19:17] [AUTH] Role check passed for user: superadmin with role: super_admin
[2025-11-09 23:19:18] [INFO] Application started from IP: ::1
[2025-11-09 23:19:18] [AUTH] Role check passed for user: superadmin with role: super_admin
[2025-11-09 23:19:18] [INFO] Application started from IP: ::1
[2025-11-09 23:19:18] [AUTH] Role check passed for user: superadmin with role: super_admin
[2025-11-09 23:19:20] [INFO] Application started from IP: ::1
[2025-11-09 23:19:20] [AUTH] Role check passed for user: superadmin with role: super_admin
[2025-11-09 23:19:20] [INFO] Application started from IP: ::1
[2025-11-09 23:19:20] [AUTH] Role check passed for user: superadmin with role: super_admin
[2025-11-09 23:19:21] [INFO] Application started from IP: ::1
[2025-11-09 23:19:21] [AUTH] Role check passed for user: superadmin with role: super_admin
[2025-11-09 23:19:21] [INFO] Application started from IP: ::1
[2025-11-09 23:19:21] [AUTH] Role check passed for user: superadmin with role: super_admin
[2025-11-09 23:20:37] [INFO] Application started from IP: ::1
[2025-11-09 23:20:37] [AUTH] Role check passed for user: superadmin with role: super_admin
[2025-11-09 23:20:37] [INFO] Application started from IP: ::1
[2025-11-09 23:20:37] [AUTH] Role check passed for user: superadmin with role: super_admin
[2025-11-09 23:30:08] [INFO] Application started from IP: ::1
[2025-11-09 23:30:08] [AUTH] Role check passed for user: superadmin with role: super_admin
[2025-11-09 23:30:08] [INFO] Application started from IP: ::1
[2025-11-09 23:30:08] [AUTH] Role check passed for user: superadmin with role: super_admin
[2025-11-09 23:30:15] [INFO] Application started from IP: ::1
[2025-11-09 23:30:15] [AUTH] User not logged in - Session check failed
[2025-11-09 23:30:17] [INFO] Application started from IP: ::1
[2025-11-09 23:30:17] [AUTH] User not logged in - Session check failed
[2025-11-09 23:30:17] [AUTH] Login attempt for username: admin from IP: ::1
[2025-11-09 23:30:17] [AUTH] User found in database: admin (ID: 2)
[2025-11-09 23:30:17] [DEBUG] Stored password hash: $2y$10$KIEfGnrUexA9tepWkQVD3O.sUh4vHatGHOciHKbmgDxd1/fVK9TyC
[2025-11-09 23:30:17] [DEBUG] Password verification - Input: 'admin123', Hash: '$2y$10$KIEfGnrUexA9tepWkQVD3O.sUh4vHatGHOciHKbmgDxd1/fVK9TyC', Result: MATCH
[2025-11-09 23:30:17] [AUTH] Password verification SUCCESS for user: admin
[2025-11-09 23:30:17] [ACTIVITY] Activity logged: Login - User logged in successfully from IP: ::1 for user ID: 2
[2025-11-09 23:30:17] [AUTH] Login successful, redirecting to index
[2025-11-09 23:30:17] [INFO] Application started from IP: ::1
[2025-11-09 23:30:17] [AUTH] Role check passed for user: admin with role: admin
[2025-11-09 23:30:17] [INFO] Application started from IP: ::1
[2025-11-09 23:30:17] [AUTH] Role check passed for user: admin with role: admin
[2025-11-09 23:30:22] [INFO] Application started from IP: ::1
[2025-11-09 23:30:22] [AUTH] User not logged in - Session check failed
[2025-11-09 23:30:25] [INFO] Application started from IP: ::1
[2025-11-09 23:30:25] [AUTH] User not logged in - Session check failed
[2025-11-09 23:30:25] [INFO] Application started from IP: ::1
[2025-11-09 23:30:25] [AUTH] User not logged in - Session check failed
[2025-11-09 23:30:26] [INFO] Application started from IP: ::1
[2025-11-09 23:30:26] [AUTH] User not logged in - Session check failed
[2025-11-09 23:30:26] [INFO] Application started from IP: ::1
[2025-11-09 23:30:26] [AUTH] User not logged in - Session check failed
[2025-11-09 23:31:02] [INFO] Application started from IP: ::1
[2025-11-09 23:31:02] [AUTH] User not logged in - Session check failed
[2025-11-09 23:31:06] [INFO] Application started from IP: ::1
[2025-11-09 23:31:06] [AUTH] User not logged in - Session check failed
[2025-11-09 23:31:06] [AUTH] Login attempt for username: sysadmin from IP: ::1
[2025-11-09 23:31:06] [AUTH] User not found or inactive: sysadmin
[2025-11-09 23:31:06] [WARNING] Attempt to log activity without user session: Failed Login - User not found: sysadmin
[2025-11-09 23:31:06] [AUTH] Login failed with error: User not found or inactive!
[2025-11-09 23:31:12] [INFO] Application started from IP: ::1
[2025-11-09 23:31:12] [AUTH] User not logged in - Session check failed
[2025-11-09 23:31:12] [AUTH] Login attempt for username: sysadmin from IP: ::1
[2025-11-09 23:31:12] [AUTH] User not found or inactive: sysadmin
[2025-11-09 23:31:12] [WARNING] Attempt to log activity without user session: Failed Login - User not found: sysadmin
[2025-11-09 23:31:12] [AUTH] Login failed with error: User not found or inactive!
[2025-11-09 23:31:21] [INFO] Application started from IP: ::1
[2025-11-09 23:31:21] [AUTH] User not logged in - Session check failed
[2025-11-09 23:31:21] [AUTH] Login attempt for username: superadmin from IP: ::1
[2025-11-09 23:31:21] [AUTH] User found in database: superadmin (ID: 1)
[2025-11-09 23:31:21] [DEBUG] Stored password hash: $2y$10$KIEfGnrUexA9tepWkQVD3O.sUh4vHatGHOciHKbmgDxd1/fVK9TyC
[2025-11-09 23:31:21] [DEBUG] Password verification - Input: 'admin123', Hash: '$2y$10$KIEfGnrUexA9tepWkQVD3O.sUh4vHatGHOciHKbmgDxd1/fVK9TyC', Result: MATCH
[2025-11-09 23:31:21] [AUTH] Password verification SUCCESS for user: superadmin
[2025-11-09 23:31:21] [ACTIVITY] Activity logged: Login - User logged in successfully from IP: ::1 for user ID: 1
[2025-11-09 23:31:21] [AUTH] Login successful, redirecting to dashboard
[2025-11-09 23:31:21] [INFO] Application started from IP: ::1
[2025-11-09 23:31:21] [AUTH] Role check passed for user: superadmin with role: super_admin
[2025-11-09 23:31:45] [INFO] Application started from IP: ::1
[2025-11-09 23:31:45] [AUTH] Role check passed for user: superadmin with role: super_admin
[2025-11-09 23:31:46] [INFO] Application started from IP: ::1
[2025-11-09 23:31:46] [AUTH] Role check passed for user: superadmin with role: super_admin
[2025-11-09 23:31:57] [INFO] Application started from IP: ::1
[2025-11-09 23:31:57] [AUTH] Role check passed for user: superadmin with role: super_admin
[2025-11-09 23:32:00] [INFO] Application started from IP: ::1
[2025-11-09 23:32:00] [AUTH] Role check passed for user: superadmin with role: super_admin
[2025-11-09 23:32:16] [INFO] Application started from IP: ::1
[2025-11-09 23:32:16] [AUTH] Role check passed for user: superadmin with role: super_admin
