[09-Oct-2025 18:13:15 Asia/Kolkata] SMS to 8898106409: Your verification code for Employee Registration is: 007751. Valid for 10 minutes.
[09-Oct-2025 18:13:53 Asia/Kolkata] SMS to 8898106409: Your verification code for Employee Registration is: 762792. Valid for 10 minutes.
[09-Oct-2025 18:14:25 Asia/Kolkata] OTP verification error: Phone number and OTP are required
[09-Oct-2025 18:14:57 Asia/Kolkata] SMS to 8898106409: Your verification code for Employee Registration is: 418559. Valid for 10 minutes.
[09-Oct-2025 18:17:10 Asia/Kolkata] SMS to 8898106409: Your verification code for Employee Registration is: 701984. Valid for 10 minutes.
[09-Oct-2025 18:20:10 Asia/Kolkata] SMS to 8898106409: Your verification code for Employee Registration is: 823659. Valid for 10 minutes.
[09-Oct-2025 18:22:42 Asia/Kolkata] SMS to 8898106409: Your verification code for Employee Registration is: 415037. Valid for 10 minutes.
[09-Oct-2025 18:23:07 Asia/Kolkata] Personal details submission error: SQLSTATE[HY093]: Invalid parameter number: parameter was not defined
[09-Oct-2025 18:23:20 Asia/Kolkata] Personal details submission error: SQLSTATE[HY093]: Invalid parameter number: parameter was not defined
[09-Oct-2025 18:24:48 Asia/Kolkata] Personal details submission error: SQLSTATE[HY093]: Invalid parameter number: parameter was not defined
[09-Oct-2025 18:24:55 Asia/Kolkata] SMS to 8898106409: Your verification code for Employee Registration is: 039695. Valid for 10 minutes.
[09-Oct-2025 18:40:12 Asia/Kolkata] Generated new OTP for 8898106409: 349403
[09-Oct-2025 18:40:12 Asia/Kolkata] SMS to 8898106409: Your verification code for Employee Registration is: 349403. Valid for 10 minutes.
[09-Oct-2025 18:40:37 Asia/Kolkata] Using existing OTP for 8898106409: 349403
[09-Oct-2025 18:40:37 Asia/Kolkata] SMS to 8898106409: Your verification code for Employee Registration is: 349403. Valid for 10 minutes.
[09-Oct-2025 18:41:06 Asia/Kolkata] Personal details submission error: SQLSTATE[HY093]: Invalid parameter number: parameter was not defined
[09-Oct-2025 18:41:16 Asia/Kolkata] Personal details submission error: SQLSTATE[HY093]: Invalid parameter number: parameter was not defined
[09-Oct-2025 18:48:18 Asia/Kolkata] Personal details submission error: SQLSTATE[HY093]: Invalid parameter number: parameter was not defined
[09-Oct-2025 18:48:25 Asia/Kolkata] Generated new OTP for 8898106409: 693207
[09-Oct-2025 18:48:25 Asia/Kolkata] SMS to 8898106409: Your verification code for Employee Registration is: 693207. Valid for 10 minutes.
[09-Oct-2025 18:48:39 Asia/Kolkata] Personal details submission error: SQLSTATE[HY093]: Invalid parameter number: parameter was not defined
[09-Oct-2025 18:50:00 Asia/Kolkata] Generated new OTP for 8898106409: 424357
[09-Oct-2025 18:50:01 Asia/Kolkata] SMS to 8898106409: Your verification code for Employee Registration is: 424357. Valid for 10 minutes.
[09-Oct-2025 18:50:53 Asia/Kolkata] Generated new OTP for 8898106409: 757907
[09-Oct-2025 18:50:53 Asia/Kolkata] SMS to 8898106409: Your verification code for Employee Registration is: 757907. Valid for 10 minutes.
[10-Oct-2025 11:18:49 Asia/Kolkata] Generated new OTP for 8898106409: 906187
[10-Oct-2025 11:18:49 Asia/Kolkata] SMS to 8898106409: Your verification code for Employee Registration is: 906187. Valid for 10 minutes.
[10-Oct-2025 11:18:55 Asia/Kolkata] OTP verification error: Invalid OTP or OTP expired
[10-Oct-2025 11:39:06 Asia/Kolkata] Generated new OTP for 8898106409: 801666
[10-Oct-2025 11:39:06 Asia/Kolkata] SMS to 8898106409: Your verification code for Employee Registration is: 801666. Valid for 10 minutes.
[10-Oct-2025 11:55:29 Asia/Kolkata] Generated new OTP for 8898106409: 098474
[10-Oct-2025 11:55:29 Asia/Kolkata] SMS to 8898106409: Your verification code for Employee Registration is: 098474. Valid for 10 minutes.
[10-Nov-2025 13:37:59 Asia/Kolkata] Generated new OTP for 8898106409: 941280
[10-Nov-2025 13:37:59 Asia/Kolkata] SMS to 8898106409: Your verification code for Employee Registration is: 941280. Valid for 10 minutes.
[10-Nov-2025 13:38:10 Asia/Kolkata] Using existing OTP for 8898106409: 941280
[10-Nov-2025 13:38:10 Asia/Kolkata] SMS to 8898106409: Your verification code for Employee Registration is: 941280. Valid for 10 minutes.
[10-Nov-2025 13:39:00 Asia/Kolkata] OTP verification error: Invalid OTP or OTP expired
[10-Nov-2025 13:39:07 Asia/Kolkata] OTP verification error: Invalid OTP or OTP expired
[10-Nov-2025 13:40:37 Asia/Kolkata] Generated new OTP for 8898106409: 539918
[10-Nov-2025 13:40:37 Asia/Kolkata] SMS to 8898106409: Your verification code for Employee Registration is: 539918. Valid for 10 minutes.
[10-Nov-2025 13:41:14 Asia/Kolkata] Using existing OTP for 8898106409: 539918
[10-Nov-2025 13:41:14 Asia/Kolkata] SMS to 8898106409: Your verification code for Employee Registration is: 539918. Valid for 10 minutes.
[10-Nov-2025 13:52:13 Asia/Kolkata] Generated new OTP for 8888999912: 146653
[10-Nov-2025 13:52:13 Asia/Kolkata] SMS to 8888999912: Your verification code for Employee Registration is: 146653. Valid for 10 minutes.
[10-Nov-2025 13:58:30 Asia/Kolkata] Generated new OTP for 8898999888: 445911
[10-Nov-2025 13:58:30 Asia/Kolkata] SMS to 8898999888: Your verification code for Employee Registration is: 445911. Valid for 10 minutes.
[11-Nov-2025 16:40:29 Asia/Kolkata] Generated new OTP for 9898989898: 976201
[11-Nov-2025 16:40:29 Asia/Kolkata] SMS to 9898989898: Your verification code for Employee Registration is: 976201. Valid for 10 minutes.
[17-Nov-2025 17:27:30 Asia/Kolkata] Generated new OTP for 8898106409: 635129
[17-Nov-2025 17:27:30 Asia/Kolkata] SMS sending failed to 8898106409. Error: 25 - System.NullReferenceException: Object reference not set to an instance of an object.
   at SmartTech.SmartSms.Web.Controllers.MTController.SendSms(SmsQueue value)
[17-Nov-2025 17:27:30 Asia/Kolkata] OTP sending error: Failed to send SMS
[17-Nov-2025 17:28:11 Asia/Kolkata] Using existing OTP for 8898106409: 635129
[17-Nov-2025 17:28:11 Asia/Kolkata] SMS sending failed to 8898106409. Error: 25 - System.NullReferenceException: Object reference not set to an instance of an object.
   at SmartTech.SmartSms.Web.Controllers.MTController.SendSms(SmsQueue value)
[17-Nov-2025 17:28:11 Asia/Kolkata] OTP sending error: Failed to send SMS
[17-Nov-2025 17:53:12 Asia/Kolkata] Generated new OTP for 8898106409: 992487
[17-Nov-2025 17:53:12 Asia/Kolkata] SMS sending failed to 8898106409. Error: 25 - System.NullReferenceException: Object reference not set to an instance of an object.
   at SmartTech.SmartSms.Web.Controllers.MTController.SendSms(SmsQueue value)
[17-Nov-2025 17:53:12 Asia/Kolkata] OTP sending error: Failed to send SMS
[17-Nov-2025 17:54:22 Asia/Kolkata] Using existing OTP for 8898106409: 992487
[17-Nov-2025 17:57:09 Asia/Kolkata] Using existing OTP for 8898106409: 992487
[17-Nov-2025 17:57:23 Asia/Kolkata] Using existing OTP for 8898106409: 992487
[17-Nov-2025 17:57:57 Asia/Kolkata] Using existing OTP for 8898106409: 992487
[17-Nov-2025 17:58:18 Asia/Kolkata] Using existing OTP for 8898106409: 992487
[17-Nov-2025 17:58:18 Asia/Kolkata] SMS sending failed to 8898106409. Error: 006 - error:Invalid template text
[17-Nov-2025 17:58:18 Asia/Kolkata] OTP sending error: Failed to send SMS
[17-Nov-2025 17:59:07 Asia/Kolkata] Using existing OTP for 8898106409: 992487
[17-Nov-2025 18:26:14 Asia/Kolkata] Generated new OTP for 8898106409: 959946
